Berkeley
PA
New York
PA
MI
Berkeley
Cambridge
PA
Los Angeles
College Park
MI
Berkeley
Cambridge
Houston
CT
NY
New York
Philadelphia
Berkeley
Urbana
Philadelphia
MA
CT
Philadelphia
New York
Urbana
CT
CA
CT

ORIGINAL OUTPUT:
Berkeley, CA, USA
Phialdelphia, PA, USA
Ithaca, New York, USA
Philadelphia, PA, USA
Ann Arbor, MI, USA
Berkeley, CA, USA
Cambridge, MA, USA
Phialdelphia, PA, USA
Los Angeles, CA, USA
College Park, MD, USA
Ann Arbor, MI, USA
Berkeley, CA, USA
Cambridge, MA, USA
Houston, TX, USA
New Haven, CT, USA
New York, NY, USA
New York, New York, USA
Philadelphia, PA, USA
Berkeley, CA, USA
Urbana, IL, USA
Philadelphia, PA, USA
Cambridge, MA, USA
Storrs, CT, USA
Philadelphia, PA, USA
New York, New York, USA
Urbana, IL, USA
New Haven, CT, USA
Santa Barbara, CA, USA
Storrs, CT, USA