Invalid input format
Invalid input format
Invalid input format
Invalid input format
Invalid input format
Invalid input format
Invalid input format

ORIGINAL OUTPUT:
769
973
647
027
001
310
775
594
927
405
538
971
258
604
998
862
165
170
462
685
675
066
039
808
643
822
767
414
885
158
280
268
225
191
507
061
831
425
856
082
394
905
448
634
051
773
249
674
124
029
227
528
849
005
150
122
890
060
620
592
023
541
751
546
557
673
086
970
455
728
117
488
468
278
730
794
679
717
401
726
864
590
700
344
242
313
517
684
836
117
012
048
209
938
018
936
547
233
101
095