FreeHafer
Cencici
Kotas
Sergienko
Withers
Input phrase must contain at least two words

ORIGINAL OUTPUT:
FreeHafer
Cencici
Kotas
Sergienko
Withers
Withers
Withers
Edison
Edison
Edison
Hage
Hage
Hage
Lango
Lango
Lango
Akiyama
Akiyama
Akiyama
Constable
Constable
Constable
Ghoston
Ghoston
Ghoston
Hornak
Hornak
Hornak
Junkin
Junkin
Junkin
Bobo
Bobo
Bobo
Scalia
Scalia
Scalia
Quashie
Quashie
Quashie
Babiarz
Babiarz
Babiarz
Lain
Lain
Lain
Dermody
Dermody
Dermody
Hopkins
Hopkins
Hopkins
Halpern
Halpern
Halpern
Rowden
Rowden
Rowden
Neil
Neil
Neil
Cortes
Cortes
Cortes
Spell
Spell
Spell
Eccleston
Eccleston
Eccleston
Brescia
Brescia
Brescia
Miah
Miah
Miah
Seamons
Seamons
Seamons
Soderstrom
Soderstrom
Soderstrom
Jurgens
Jurgens
Jurgens
Bogle
Bogle
Bogle
Olague
Olague
Olague
Clasen
Clasen
Clasen
Richert
Richert
Richert
Marcus
Marcus
Marcus
Partida
Partida
Partida
Mulloy
Mulloy
Mulloy
Garrard
Garrard
Garrard
Chism
Chism
Chism
Chilcott
Chilcott
Chilcott
Aylward
Aylward
Aylward
Ramthun
Ramthun
Ramthun
Heintz
Heintz
Heintz
Marquess
Marquess
Marquess
Spagnoli
Spagnoli
Spagnoli
Covelli
Covelli
Covelli
Montiel
Montiel
Montiel
Reily
Reily
Reily
Mcgaughey
Mcgaughey
Mcgaughey
Latimore
Latimore
Latimore
Casler
Casler
Casler
Gregori
Gregori
Gregori
Pannell
Pannell
Pannell
Withers
Edison
Hage
Lango
Akiyama
Constable
Ghoston
Hornak
Junkin
Bobo
Scalia
Quashie
Babiarz
Lain
Dermody
Hopkins
Halpern
Rowden
Neil
Cortes
Spell
Eccleston
Brescia
Miah
Seamons
Soderstrom
Jurgens
Bogle
Olague
Clasen
Richert
Marcus
Partida
Mulloy
Garrard
Chism
Chilcott
Aylward
Ramthun
Heintz
Marquess
Spagnoli
Covelli
Montiel
Reily
Mcgaughey
Latimore
Casler
Gregori
Pannell