858
757
787
507
50
537

ORIGINAL OUTPUT:
858
858
858
757
757
757
787
787
787
507
507
507
050
050
050
537
537
537
969
969
969
539
539
539
275
275
275
461
461
461
347
347
347
986
986
986
276
276
276
746
746
746
898
898
898
946
946
946
041
041
041
592
592
592
008
008
008
122
122
122
366
366
366
433
433
433
436
436
436
083
083
083
245
245
245
542
542
542
782
782
782
369
369
369
618
618
618
671
671
671
087
087
087
571
571
571
960
960
960
982
982
982
092
092
092
601
601
601
591
591
591
765
765
765
734
734
734
845
845
845
622
622
622
707
707
707
213
213
213
077
077
077
287
287
287
545
545
545
097
097
097
736
736
736
771
771
771
457
457
457
250
250
250
317
317
317
629
629
629
119
119
119
380
380
380
224
224
224
680
680
680
204
204
204
820
820
820
938
938
938
296
296
296
401
401
401
365
365
365
119
119
119
666
666
666
759
759
759
020
020
020
575
575
575
126
126
126
585
585
585
430
430
430
831
831
831
718
718
718
716
716
716
685
685
685
289
289
289
740
740
740
997
997
997
100
100
100
462
462
462
005
005
005
757
757
757
858
858
858
541
541
541
901
901
901
075
075
075
953
953
953
878
878
878
582
582
582
484
484
484
148
148
148
919
919
919
851
851
851
056
056
056
132
132
132
162
162
162
051
051
051
981
981
981
728
728
728
746
746
746
858
757
787
507
050
537
969
539
275
461
347
986
276
746
898
946
041
592
008
122
366
433
436
083
245
542
782
369
618
671
087
571
960
982
092
601
591
765
734
845
622
707
213
077
287
545
097
736
771
457
250
317
629
119
380
224
680
204
820
938
296
401
365
119
666
759
020
575
126
585
430
831
718
716
685
289
740
997
100
462
005
757
858
541
901
075
953
878
582
484
148
919
851
056
132
162
051
981
728
746