Berkeley, CA, USA
Phialdelphia, PA, USA
Ithaca, New York, USA
Philadelphia, PA, USA
Ann Arbor, MI, USA
Cambridge, MA, USA
Los Angeles, CA, USA
College Park, MD, USA
Houston, TX, USA
New Haven, CT, USA
New York, NY, USA
New York, New York, USA
Philadelphia, PA, USA
Urbana, IL, USA
Philadelphia, PA, USA
Cambridge, MA, USA
Storrs, CT, USA
New Haven, CT, USA
Santa Barbara, CA, USA
Invalid input format. Please provide a list with at least two elements.
Invalid input format. Please provide a list with at least two elements.

ORIGINAL OUTPUT:
Berkeley, CA, USA
Phialdelphia, PA, USA
Ithaca, New York, USA
Philadelphia, PA, USA
Ann Arbor, MI, USA
Berkeley, CA, USA
Cambridge, MA, USA
Phialdelphia, PA, USA
Los Angeles, CA, USA
College Park, MD, USA
Ann Arbor, MI, USA
Berkeley, CA, USA
Cambridge, MA, USA
Houston, TX, USA
New Haven, CT, USA
New York, NY, USA
New York, New York, USA
Philadelphia, PA, USA
Berkeley, CA, USA
Urbana, IL, USA
Philadelphia, PA, USA
Cambridge, MA, USA
Storrs, CT, USA
Philadelphia, PA, USA
New York, New York, USA
Urbana, IL, USA
New Haven, CT, USA
Santa Barbara, CA, USA
Storrs, CT, USA