Nancy F.
Andrew C.
Jan K.
Mariya S.
Launa W.
Lakenya E.
Brendan H.
Bradford L.
Rudolf A.
Lara C.

ORIGINAL OUTPUT:
Nancy F.
Andrew C.
Jan K.
Mariya S.
Launa W.
Lakenya E.
Brendan H.
Bradford L.
Rudolf A.
Lara C.
Madelaine G.
Salley H.
Micha J.
Teddy B.
Coralee S.
Jeff Q.
Vena B.
Karrie L.
Tobias D.
Celsa H.
Kimberley H.
Phillip R.
Elias N.
Lashanda C.
Mackenzie S.
Kathlyn E.
Georgina B.
Beata M.
Desiree S.
Jeanice S.
Mariel J.
Alida B.
Jacqualine O.
Joaquin C.
Samuel R.
Malissa M.
Alaina P.
Trinidad M.
Carlene G.
Melodi C.
Bess C.
Chong A.
Jani R.
Jacquiline H.
Hayley M.
Andria S.
Irwin C.
Gertude M.
Stefany R.
Rae M.
Cruz L.
Maryann C.
Annalisa G.
Jenee P.