Withers Launa
Edison Lakenya
Hage Brendan
Input must be a list with two elements

ORIGINAL OUTPUT:
Withers Launa
Withers Launa
Withers Launa
Edison Lakenya
Edison Lakenya
Edison Lakenya
Hage Brendan
Hage Brendan
Hage Brendan
Lango Bradford
Lango Bradford
Lango Bradford
Akiyama Rudolf
Akiyama Rudolf
Akiyama Rudolf
Constable Lara
Constable Lara
Constable Lara
Ghoston Madelaine
Ghoston Madelaine
Ghoston Madelaine
Hornak Salley
Hornak Salley
Hornak Salley
Junkin Micha
Junkin Micha
Junkin Micha
Bobo Teddy
Bobo Teddy
Bobo Teddy
Scalia Coralee
Scalia Coralee
Scalia Coralee
Quashie Jeff
Quashie Jeff
Quashie Jeff
Babiarz Vena
Babiarz Vena
Babiarz Vena
Lain Karrie
Lain Karrie
Lain Karrie
Dermody Tobias
Dermody Tobias
Dermody Tobias
Hopkins Celsa
Hopkins Celsa
Hopkins Celsa
Halpern Kimberley
Halpern Kimberley
Halpern Kimberley
Rowden Phillip
Rowden Phillip
Rowden Phillip
Neil Elias
Neil Elias
Neil Elias
Cortes Lashanda
Cortes Lashanda
Cortes Lashanda
Spell Mackenzie
Spell Mackenzie
Spell Mackenzie
Eccleston Kathlyn
Eccleston Kathlyn
Eccleston Kathlyn
Brescia Georgina
Brescia Georgina
Brescia Georgina
Miah Beata
Miah Beata
Miah Beata
Seamons Desiree
Seamons Desiree
Seamons Desiree
Soderstrom Jeanice
Soderstrom Jeanice
Soderstrom Jeanice
Jurgens Mariel
Jurgens Mariel
Jurgens Mariel
Bogle Alida
Bogle Alida
Bogle Alida
Olague Jacqualine
Olague Jacqualine
Olague Jacqualine
Clasen Joaquin
Clasen Joaquin
Clasen Joaquin
Richert Samuel
Richert Samuel
Richert Samuel
Marcus Malissa
Marcus Malissa
Marcus Malissa
Partida Alaina
Partida Alaina
Partida Alaina
Mulloy Trinidad
Mulloy Trinidad
Mulloy Trinidad
Garrard Carlene
Garrard Carlene
Garrard Carlene
Chism Melodi
Chism Melodi
Chism Melodi
Chilcott Bess
Chilcott Bess
Chilcott Bess
Aylward Chong
Aylward Chong
Aylward Chong
Ramthun Jani
Ramthun Jani
Ramthun Jani
Heintz Jacquiline
Heintz Jacquiline
Heintz Jacquiline
Marquess Hayley
Marquess Hayley
Marquess Hayley
Spagnoli Andria
Spagnoli Andria
Spagnoli Andria
Covelli Irwin
Covelli Irwin
Covelli Irwin
Montiel Gertude
Montiel Gertude
Montiel Gertude
Reily Stefany
Reily Stefany
Reily Stefany
Mcgaughey Rae
Mcgaughey Rae
Mcgaughey Rae
Latimore Cruz
Latimore Cruz
Latimore Cruz
Casler Maryann
Casler Maryann
Casler Maryann
Gregori Annalisa
Gregori Annalisa
Gregori Annalisa
Pannell Jenee
Pannell Jenee
Pannell Jenee
Withers Launa
Edison Lakenya
Hage Brendan
Lango Bradford
Akiyama Rudolf
Constable Lara
Ghoston Madelaine
Hornak Salley
Junkin Micha
Bobo Teddy
Scalia Coralee
Quashie Jeff
Babiarz Vena
Lain Karrie
Dermody Tobias
Hopkins Celsa
Halpern Kimberley
Rowden Phillip
Neil Elias
Cortes Lashanda
Spell Mackenzie
Eccleston Kathlyn
Brescia Georgina
Miah Beata
Seamons Desiree
Soderstrom Jeanice
Jurgens Mariel
Bogle Alida
Olague Jacqualine
Clasen Joaquin
Richert Samuel
Marcus Malissa
Partida Alaina
Mulloy Trinidad
Garrard Carlene
Chism Melodi
Chilcott Bess
Aylward Chong
Ramthun Jani
Heintz Jacquiline
Marquess Hayley
Spagnoli Andria
Covelli Irwin
Montiel Gertude
Reily Stefany
Mcgaughey Rae
Latimore Cruz
Casler Maryann
Gregori Annalisa
Pannell Jenee