Withers, L.
Edison, L.
Hage, B.
Lango, B.
Akiyama, R.
Constable, L.
Ghoston, M.
Hornak, S.
Junkin, M.
Bobo, T.
Scalia, C.
Quashie, J.
Babiarz, V.
Lain, K.
Dermody, T.
Hopkins, C.
Halpern, K.
Rowden, P.
Neil, E.
Cortes, L.
Spell, M.
Eccleston, K.
Brescia, G.
Miah, B.
Seamons, D.
Soderstrom, J.
Jurgens, M.
Bogle, A.
Olague, J.
Clasen, J.
Richert, S.
Marcus, M.
Partida, A.
Mulloy, T.
Garrard, C.
Chism, M.
Chilcott, B.
Aylward, C.
Ramthun, J.
Heintz, J.
Marquess, H.
Spagnoli, A.
Covelli, I.
Montiel, G.
Reily, S.
Mcgaughey, R.
Latimore, C.
Casler, M.
Gregori, A.
Pannell, J.

ORIGINAL OUTPUT:
Withers, L.
Edison, L.
Hage, B.
Lango, B.
Akiyama, R.
Constable, L.
Ghoston, M.
Hornak, S.
Junkin, M.
Bobo, T.
Scalia, C.
Quashie, J.
Babiarz, V.
Lain, K.
Dermody, T.
Hopkins, C.
Halpern, K.
Rowden, P.
Neil, E.
Cortes, L.
Spell, M.
Eccleston, K.
Brescia, G.
Miah, B.
Seamons, D.
Soderstrom, J.
Jurgens, M.
Bogle, A.
Olague, J.
Clasen, J.
Richert, S.
Marcus, M.
Partida, A.
Mulloy, T.
Garrard, C.
Chism, M.
Chilcott, B.
Aylward, C.
Ramthun, J.
Heintz, J.
Marquess, H.
Spagnoli, A.
Covelli, I.
Montiel, G.
Reily, S.
Mcgaughey, R.
Latimore, C.
Casler, M.
Gregori, A.
Pannell, J.