Launa, W.
Lakenya, E.
Brendan, H.
Bradford, L.
Rudolf, A.
Lara, C.
Madelaine, G.
Salley, H.
Micha, J.
Teddy, B.
Coralee, S.
Jeff, Q.
Vena, B.
Karrie, L.
Tobias, D.
Celsa, H.
Kimberley, H.
Phillip, R.
Elias, N.
Lashanda, C.
Mackenzie, S.
Kathlyn, E.
Georgina, B.
Beata, M.
Desiree, S.
Jeanice, S.
Mariel, J.
Alida, B.
Jacqualine, O.
Joaquin, C.
Samuel, R.
Malissa, M.
Alaina, P.
Trinidad, M.
Carlene, G.
Melodi, C.
Bess, C.
Chong, A.
Jani, R.
Jacquiline, H.
Hayley, M.
Andria, S.
Irwin, C.
Gertude, M.
Stefany, R.
Rae, M.
Cruz, L.
Maryann, C.
Annalisa, G.
Jenee, P.

ORIGINAL OUTPUT:
Withers, L.
Edison, L.
Hage, B.
Lango, B.
Akiyama, R.
Constable, L.
Ghoston, M.
Hornak, S.
Junkin, M.
Bobo, T.
Scalia, C.
Quashie, J.
Babiarz, V.
Lain, K.
Dermody, T.
Hopkins, C.
Halpern, K.
Rowden, P.
Neil, E.
Cortes, L.
Spell, M.
Eccleston, K.
Brescia, G.
Miah, B.
Seamons, D.
Soderstrom, J.
Jurgens, M.
Bogle, A.
Olague, J.
Clasen, J.
Richert, S.
Marcus, M.
Partida, A.
Mulloy, T.
Garrard, C.
Chism, M.
Chilcott, B.
Aylward, C.
Ramthun, J.
Heintz, J.
Marquess, H.
Spagnoli, A.
Covelli, I.
Montiel, G.
Reily, S.
Mcgaughey, R.
Latimore, C.
Casler, M.
Gregori, A.
Pannell, J.