Test case 1: True
Test case 2: True
Test case 3: True
Test case 4: True
Test case 5: True
Test case 6: True
Test case 7: True
Test case 8: True
Test case 9: True
Test case 10: True
Test case 11: True
Test case 12: True
Test case 13: True
Test case 14: True
Test case 15: True
Test case 16: True
Test case 17: True
Test case 18: True
Test case 19: True
Test case 20: True
Test case 21: True
Test case 22: True
Test case 23: True
Test case 24: True
Test case 25: True
Test case 26: True
Test case 27: True
Test case 28: True
Test case 29: True
Test case 30: True

ORIGINAL OUTPUT:
UC Berkeley, Berkeley, CA
University of Pennsylvania, Phialdelphia, PA, USA
UCLA, Los Angeles, CA
Cornell University, Ithaca, New York, USA
Penn, Philadelphia, PA, USA
University of Michigan, Ann Arbor, MI, USA
UC Berkeley, Berkeley, CA
MIT, Cambridge, MA
University of Pennsylvania, Phialdelphia, PA, USA
UCLA, Los Angeles, CA
University of Maryland College Park, College Park, MD
University of Michigan, Ann Arbor, MI, USA
UC Berkeley, Berkeley, CA
MIT, Cambridge, MA
Rice University, Houston, TX
Yale University, New Haven, CT, USA
Columbia University, New York, NY, USA
NYU, New York, New York, USA
Drexel University, Philadelphia, PA
UC Berkeley, Berkeley, CA
UIUC, Urbana, IL
Temple University, Philadelphia, PA
Harvard University, Cambridge, MA, USA
University of Connecticut, Storrs, CT, USA
Drexel University, Philadelphia, PA
NYU, New York, New York, USA
UIUC, Urbana, IL
New Haven University, New Haven, CT, USA
University of California, Santa Barbara, Santa Barbara, CA, USA
University of Connecticut, Storrs, CT, USA