Withers, L.
Edison, L.
Invalid input. Please provide two names separated by a comma and a space.

ORIGINAL OUTPUT:
Withers, L.
Withers, L.
Withers, L.
Edison, L.
Edison, L.
Edison, L.
Hage, B.
Hage, B.
Hage, B.
Lango, B.
Lango, B.
Lango, B.
Akiyama, R.
Akiyama, R.
Akiyama, R.
Constable, L.
Constable, L.
Constable, L.
Ghoston, M.
Ghoston, M.
Ghoston, M.
Hornak, S.
Hornak, S.
Hornak, S.
Junkin, M.
Junkin, M.
Junkin, M.
Bobo, T.
Bobo, T.
Bobo, T.
Scalia, C.
Scalia, C.
Scalia, C.
Quashie, J.
Quashie, J.
Quashie, J.
Babiarz, V.
Babiarz, V.
Babiarz, V.
Lain, K.
Lain, K.
Lain, K.
Dermody, T.
Dermody, T.
Dermody, T.
Hopkins, C.
Hopkins, C.
Hopkins, C.
Halpern, K.
Halpern, K.
Halpern, K.
Rowden, P.
Rowden, P.
Rowden, P.
Neil, E.
Neil, E.
Neil, E.
Cortes, L.
Cortes, L.
Cortes, L.
Spell, M.
Spell, M.
Spell, M.
Eccleston, K.
Eccleston, K.
Eccleston, K.
Brescia, G.
Brescia, G.
Brescia, G.
Miah, B.
Miah, B.
Miah, B.
Seamons, D.
Seamons, D.
Seamons, D.
Soderstrom, J.
Soderstrom, J.
Soderstrom, J.
Jurgens, M.
Jurgens, M.
Jurgens, M.
Bogle, A.
Bogle, A.
Bogle, A.
Olague, J.
Olague, J.
Olague, J.
Clasen, J.
Clasen, J.
Clasen, J.
Richert, S.
Richert, S.
Richert, S.
Marcus, M.
Marcus, M.
Marcus, M.
Partida, A.
Partida, A.
Partida, A.
Mulloy, T.
Mulloy, T.
Mulloy, T.
Garrard, C.
Garrard, C.
Garrard, C.
Chism, M.
Chism, M.
Chism, M.
Chilcott, B.
Chilcott, B.
Chilcott, B.
Aylward, C.
Aylward, C.
Aylward, C.
Ramthun, J.
Ramthun, J.
Ramthun, J.
Heintz, J.
Heintz, J.
Heintz, J.
Marquess, H.
Marquess, H.
Marquess, H.
Spagnoli, A.
Spagnoli, A.
Spagnoli, A.
Covelli, I.
Covelli, I.
Covelli, I.
Montiel, G.
Montiel, G.
Montiel, G.
Reily, S.
Reily, S.
Reily, S.
Mcgaughey, R.
Mcgaughey, R.
Mcgaughey, R.
Latimore, C.
Latimore, C.
Latimore, C.
Casler, M.
Casler, M.
Casler, M.
Gregori, A.
Gregori, A.
Gregori, A.
Pannell, J.
Pannell, J.
Pannell, J.
Withers, L.
Edison, L.
Hage, B.
Lango, B.
Akiyama, R.
Constable, L.
Ghoston, M.
Hornak, S.
Junkin, M.
Bobo, T.
Scalia, C.
Quashie, J.
Babiarz, V.
Lain, K.
Dermody, T.
Hopkins, C.
Halpern, K.
Rowden, P.
Neil, E.
Cortes, L.
Spell, M.
Eccleston, K.
Brescia, G.
Miah, B.
Seamons, D.
Soderstrom, J.
Jurgens, M.
Bogle, A.
Olague, J.
Clasen, J.
Richert, S.
Marcus, M.
Partida, A.
Mulloy, T.
Garrard, C.
Chism, M.
Chilcott, B.
Aylward, C.
Ramthun, J.
Heintz, J.
Marquess, H.
Spagnoli, A.
Covelli, I.
Montiel, G.
Reily, S.
Mcgaughey, R.
Latimore, C.
Casler, M.
Gregori, A.
Pannell, J.