N.F.
A.C.
Invalid input: Please enter a phrase with at least two words.
A.B.

ORIGINAL OUTPUT:
N.F.
A.C.
J.K.
M.S.
L.W.
L.W.
L.W.
L.E.
L.E.
L.E.
B.H.
B.H.
B.H.
B.L.
B.L.
B.L.
R.A.
R.A.
R.A.
L.C.
L.C.
L.C.
M.G.
M.G.
M.G.
S.H.
S.H.
S.H.
M.J.
M.J.
M.J.
T.B.
T.B.
T.B.
C.S.
C.S.
C.S.
J.Q.
J.Q.
J.Q.
V.B.
V.B.
V.B.
K.L.
K.L.
K.L.
T.D.
T.D.
T.D.
C.H.
C.H.
C.H.
K.H.
K.H.
K.H.
P.R.
P.R.
P.R.
E.N.
E.N.
E.N.
L.C.
L.C.
L.C.
M.S.
M.S.
M.S.
K.E.
K.E.
K.E.
G.B.
G.B.
G.B.
B.M.
B.M.
B.M.
D.S.
D.S.
D.S.
J.S.
J.S.
J.S.
M.J.
M.J.
M.J.
A.B.
A.B.
A.B.
J.O.
J.O.
J.O.
J.C.
J.C.
J.C.
S.R.
S.R.
S.R.
M.M.
M.M.
M.M.
A.P.
A.P.
A.P.
T.M.
T.M.
T.M.
C.G.
C.G.
C.G.
M.C.
M.C.
M.C.
B.C.
B.C.
B.C.
C.A.
C.A.
C.A.
J.R.
J.R.
J.R.
J.H.
J.H.
J.H.
H.M.
H.M.
H.M.
A.S.
A.S.
A.S.
I.C.
I.C.
I.C.
G.M.
G.M.
G.M.
S.R.
S.R.
S.R.
R.M.
R.M.
R.M.
C.L.
C.L.
C.L.
M.C.
M.C.
M.C.
A.G.
A.G.
A.G.
J.P.
J.P.
J.P.
L.W.
L.E.
B.H.
B.L.
R.A.
L.C.
M.G.
S.H.
M.J.
T.B.
C.S.
J.Q.
V.B.
K.L.
T.D.
C.H.
K.H.
P.R.
E.N.
L.C.
M.S.
K.E.
G.B.
B.M.
D.S.
J.S.
M.J.
A.B.
J.O.
J.C.
S.R.
M.M.
A.P.
T.M.
C.G.
M.C.
B.C.
C.A.
J.R.
J.H.
H.M.
A.S.
I.C.
G.M.
S.R.
R.M.
C.L.
M.C.
A.G.
J.P.