106
83
62

ORIGINAL OUTPUT:
106
106
106
83
83
83
62
62
62
172
172
172
72
72
72
95
95
95
6
6
6
174
174
174
155
155
155
167
167
167
10
10
10
60
60
60
13
13
13
2
2
2
25
25
25
151
151
151
118
118
118
144
144
144
94
94
94
82
82
82
82
82
82
80
80
80
163
163
163
138
138
138
42
42
42
169
169
169
176
176
176
47
47
47
138
138
138
104
104
104
188
188
188
50
50
50
183
183
183
58
58
58
9
9
9
64
64
64
189
189
189
129
129
129
94
94
94
35
35
35
185
185
185
163
163
163
23
23
23
42
42
42
18
18
18
29
29
29
43
43
43
158
158
158
45
45
45
180
180
180
75
75
75
5
5
5
81
81
81
46
46
46
108
108
108
40
40
40
68
68
68
169
169
169
95
95
95
43
43
43
7
7
7
20
20
20
64
64
64
163
163
163
198
198
198
14
14
14
161
161
161
65
65
65
2
2
2
196
196
196
33
33
33
195
195
195
86
86
86
194
194
194
43
43
43
140
140
140
21
21
21
98
98
98
47
47
47
143
143
143
147
147
147
130
130
130
197
197
197
158
158
158
56
56
56
132
132
132
130
130
130
158
158
158
52
52
52
138
138
138
50
50
50
105
105
105
18
18
18
176
176
176
141
141
141
199
199
199
33
33
33
161
161
161
115
115
115
45
45
45
106
83
62
172
72
95
6
174
155
167
10
60
13
2
25
151
118
144
94
82
82
80
163
138
42
169
176
47
138
104
188
50
183
58
9
64
189
129
94
35
185
163
23
42
18
29
43
158
45
180
75
5
81
46
108
40
68
169
95
43
7
20
64
163
198
14
161
65
2
196
33
195
86
194
43
140
21
98
47
143
147
130
197
158
56
132
130
158
52
138
50
105
18
176
141
199
33
161
115
45