Launa Withers
Lakenya Edison
Brendan Hage
Bradford Lango
Rudolf Akiyama
Input must contain exactly two elements
Input must contain exactly two elements

ORIGINAL OUTPUT:
Launa Withers
Lakenya Edison
Brendan Hage
Bradford Lango
Rudolf Akiyama
Lara Constable
Madelaine Ghoston
Salley Hornak
Micha Junkin
Teddy Bobo
Coralee Scalia
Jeff Quashie
Vena Babiarz
Karrie Lain
Tobias Dermody
Celsa Hopkins
Kimberley Halpern
Phillip Rowden
Elias Neil
Lashanda Cortes
Mackenzie Spell
Kathlyn Eccleston
Georgina Brescia
Beata Miah
Desiree Seamons
Jeanice Soderstrom
Mariel Jurgens
Alida Bogle
Jacqualine Olague
Joaquin Clasen
Samuel Richert
Malissa Marcus
Alaina Partida
Trinidad Mulloy
Carlene Garrard
Melodi Chism
Bess Chilcott
Chong Aylward
Jani Ramthun
Jacquiline Heintz
Hayley Marquess
Andria Spagnoli
Irwin Covelli
Gertude Montiel
Stefany Reily
Rae Mcgaughey
Cruz Latimore
Maryann Casler
Annalisa Gregori
Jenee Pannell