Nancy
Andrew
Jan
Mariya
Launa
Lakenya
Brendan
Bradford
Rudolf
Lara
Madelaine
Salley
Micha
Teddy
Coralee
Jeff
Vena
Karrie
Tobias
Celsa
Kimberley
Phillip
Elias
Lashanda
Mackenzie
Kathlyn
Georgina
Beata
Desiree
Jeanice
Mariel
Alida
Jacqualine
Joaquin
Samuel
Malissa
Alaina
Trinidad
Carlene
Melodi
Bess
Chong
Jani
Jacquiline
Hayley
Andria
Irwin
Gertude
Stefany
Rae
Cruz
Maryann
Annalisa
Jenee

ORIGINAL OUTPUT:
Nancy
Andrew
Jan
Mariya
Launa
Launa
Launa
Lakenya
Lakenya
Lakenya
Brendan
Brendan
Brendan
Bradford
Bradford
Bradford
Rudolf
Rudolf
Rudolf
Lara
Lara
Lara
Madelaine
Madelaine
Madelaine
Salley
Salley
Salley
Micha
Micha
Micha
Teddy
Teddy
Teddy
Coralee
Coralee
Coralee
Jeff
Jeff
Jeff
Vena
Vena
Vena
Karrie
Karrie
Karrie
Tobias
Tobias
Tobias
Celsa
Celsa
Celsa
Kimberley
Kimberley
Kimberley
Phillip
Phillip
Phillip
Elias
Elias
Elias
Lashanda
Lashanda
Lashanda
Mackenzie
Mackenzie
Mackenzie
Kathlyn
Kathlyn
Kathlyn
Georgina
Georgina
Georgina
Beata
Beata
Beata
Desiree
Desiree
Desiree
Jeanice
Jeanice
Jeanice
Mariel
Mariel
Mariel
Alida
Alida
Alida
Jacqualine
Jacqualine
Jacqualine
Joaquin
Joaquin
Joaquin
Samuel
Samuel
Samuel
Malissa
Malissa
Malissa
Alaina
Alaina
Alaina
Trinidad
Trinidad
Trinidad
Carlene
Carlene
Carlene
Melodi
Melodi
Melodi
Bess
Bess
Bess
Chong
Chong
Chong
Jani
Jani
Jani
Jacquiline
Jacquiline
Jacquiline
Hayley
Hayley
Hayley
Andria
Andria
Andria
Irwin
Irwin
Irwin
Gertude
Gertude
Gertude
Stefany
Stefany
Stefany
Rae
Rae
Rae
Cruz
Cruz
Cruz
Maryann
Maryann
Maryann
Annalisa
Annalisa
Annalisa
Jenee
Jenee
Jenee
Launa
Lakenya
Brendan
Bradford
Rudolf
Lara
Madelaine
Salley
Micha
Teddy
Coralee
Jeff
Vena
Karrie
Tobias
Celsa
Kimberley
Phillip
Elias
Lashanda
Mackenzie
Kathlyn
Georgina
Beata
Desiree
Jeanice
Mariel
Alida
Jacqualine
Joaquin
Samuel
Malissa
Alaina
Trinidad
Carlene
Melodi
Bess
Chong
Jani
Jacquiline
Hayley
Andria
Irwin
Gertude
Stefany
Rae
Cruz
Maryann
Annalisa
Jenee