Input should contain only alphabets
Input should contain only alphabets
Input should contain only alphabets

ORIGINAL OUTPUT:
Ducati
Ducati
Ducati
Honda
Honda
Honda
Ducati
Ducati
Ducati
Honda
Honda
Honda
Honda
Honda
Honda
Ducati
Ducati
Ducati
Acura
Acura
Acura
Acura
Ferrari
Ferrari
Ferrari
Ferrari
Honda
Honda
Honda
Ducati
Ducati
Ducati
Ducati
Honda
Honda
Honda
Ducati
Honda
Honda
Honda
Honda
Ducati
Ducati
Ducati
Acura
Acura
Acura
Acura
Ferrari
Ferrari
Ferrari
Honda
Honda
Honda
Ducati
Ducati
Ducati
Ducati