Input must contain only alphabetic characters
Input must contain only alphabetic characters
Input must contain only alphabetic characters

ORIGINAL OUTPUT:
Ducati
Ducati
Ducati
Honda
Honda
Honda
Ducati
Ducati
Ducati
Honda
Honda
Honda
Honda
Honda
Honda
Ducati
Ducati
Ducati
Acura
Acura
Acura
Acura
Ferrari
Ferrari
Ferrari
Ferrari
Honda
Honda
Honda
Ducati
Ducati
Ducati
Ducati
Honda
Honda
Honda
Ducati
Honda
Honda
Honda
Honda
Ducati
Ducati
Ducati
Acura
Acura
Acura
Acura
Ferrari
Ferrari
Ferrari
Honda
Honda
Honda
Ducati
Ducati
Ducati
Ducati