PA, USA
Los Angeles, CA, USA
New York, NY, USA
PA, USA
College Park, MD, USA
MI, USA
Berkeley, CA, USA
Cambridge, MA, USA
Houston, TX, USA
CT, USA
NY, USA
New York, NY, USA
Berkeley, CA, USA
Urbana, USA
Philadelphia, USA
MA, USA
CT, USA
Philadelphia, USA
CT, USA
CA, USA

ORIGINAL OUTPUT:
Phialdelphia, PA, USA
Los Angeles, CA, USA
Ithaca, NY, USA
Philadelphia, PA, USA
College Park, MD, USA
Ann Arbor, MI, USA
Berkeley, CA, USA
Cambridge, MA, USA
Houston, TX, USA
New Haven, CT, USA
New York, NY, USA
New York, NY, USA
Berkeley, CA, USA
Urbana, IL, USA
Philadelphia, PA, USA
Cambridge, MA, USA
Storrs, CT, USA
Philadelphia, PA, USA
New Haven, CT, USA
Santa Barbara, CA, USA