Dr. Launa
Dr. Lakenya
Dr. Invalid

ORIGINAL OUTPUT:
Dr. Launa
Dr. Lakenya
Dr. Brendan
Dr. Bradford
Dr. Rudolf
Dr. Lara
Dr. Madelaine
Dr. Salley
Dr. Micha
Dr. Teddy
Dr. Coralee
Dr. Jeff
Dr. Vena
Dr. Karrie
Dr. Tobias
Dr. Celsa
Dr. Kimberley
Dr. Phillip
Dr. Elias
Dr. Lashanda
Dr. Mackenzie
Dr. Kathlyn
Dr. Georgina
Dr. Beata
Dr. Desiree
Dr. Jeanice
Dr. Mariel
Dr. Alida
Dr. Jacqualine
Dr. Joaquin
Dr. Samuel
Dr. Malissa
Dr. Alaina
Dr. Trinidad
Dr. Carlene
Dr. Melodi
Dr. Bess
Dr. Chong
Dr. Jani
Dr. Jacquiline
Dr. Hayley
Dr. Andria
Dr. Irwin
Dr. Gertude
Dr. Stefany
Dr. Rae
Dr. Cruz
Dr. Maryann
Dr. Annalisa
Dr. Jenee